<?xml version="1.0" encoding="UTF-8"?>
<!-- Generated by org.testng.reporters.JUnitXMLReporter -->
<testsuite ignored="1" hostname="DESKTOP-MD06342" failures="0" tests="1" name="Default test(failed)" time="50.674" errors="0" timestamp="2025-04-30T21:49:37 IST">
  <testcase classname="gradeprime.login" name="validlogin" time="15.93"/>
  <testcase classname="gradeprime.login" name="correctlogin" time="0.0">
    <ignored/>
  </testcase> <!-- correctlogin -->
</testsuite> <!-- Default test(failed) -->
