<?xml version="1.0" encoding="UTF-8"?>
<!-- Generated by org.testng.reporters.JUnitXMLReporter -->
<testsuite ignored="7" hostname="DESKTOP-MD06342" failures="0" tests="2" name="Default test" time="20.814" errors="0" timestamp="2025-05-22T19:44:40 IST">
  <testcase classname="gradeprime.users" name="movetouser" time="13.566"/>
  <testcase classname="gradeprime.users" name="add" time="0.085"/>
  <testcase classname="gradeprime.login" name="forgotbuttonwithoutid" time="0.0">
    <ignored/>
  </testcase> <!-- forgotbuttonwithoutid -->
  <testcase classname="gradeprime.login" name="correctlogin" time="0.0">
    <ignored/>
  </testcase> <!-- correctlogin -->
  <testcase classname="gradeprime.login" name="invalidpassword" time="0.0">
    <ignored/>
  </testcase> <!-- invalidpassword -->
  <testcase classname="gradeprime.login" name="frgotbuttonwithid" time="0.0">
    <ignored/>
  </testcase> <!-- frgotbuttonwithid -->
  <testcase classname="gradeprime.login" name="blankfields" time="0.0">
    <ignored/>
  </testcase> <!-- blankfields -->
  <testcase classname="gradeprime.login" name="signup" time="0.0">
    <ignored/>
  </testcase> <!-- signup -->
  <testcase classname="gradeprime.login" name="invalidusername" time="0.0">
    <ignored/>
  </testcase> <!-- invalidusername -->
</testsuite> <!-- Default test -->
