<?xml version="1.0" encoding="UTF-8"?>
<testng-results ignored="7" total="9" passed="2" failed="0" skipped="0">
  <reporter-output>
  </reporter-output>
  <suite started-at="2025-05-22T19:44:19 IST" name="Default suite" finished-at="2025-05-22T19:44:40 IST" duration-ms="20814">
    <groups>
    </groups>
    <test started-at="2025-05-22T19:44:19 IST" name="Default test" finished-at="2025-05-22T19:44:40 IST" duration-ms="20814">
      <class name="gradeprime.users">
        <test-method is-config="true" signature="setup()[pri:0, instance:gradeprime.users@11fc564b]" started-at="2025-05-22T19:44:19 IST" name="setup" finished-at="2025-05-22T19:44:25 IST" duration-ms="5816" status="PASS">
          <reporter-output>
          </reporter-output>
        </test-method> <!-- setup -->
        <test-method is-config="true" signature="loadCredentials()[pri:0, instance:gradeprime.users@11fc564b]" started-at="2025-05-22T19:44:25 IST" name="loadCredentials" finished-at="2025-05-22T19:44:25 IST" duration-ms="3" status="PASS">
          <reporter-output>
          </reporter-output>
        </test-method> <!-- loadCredentials -->
        <test-method signature="movetouser()[pri:0, instance:gradeprime.users@11fc564b]" started-at="2025-05-22T19:44:25 IST" name="movetouser" finished-at="2025-05-22T19:44:39 IST" duration-ms="13566" status="PASS">
          <reporter-output>
          </reporter-output>
        </test-method> <!-- movetouser -->
        <test-method signature="add()[pri:0, instance:gradeprime.users@11fc564b]" started-at="2025-05-22T19:44:39 IST" name="add" finished-at="2025-05-22T19:44:39 IST" depends-on-methods="gradeprime.users.movetouser" duration-ms="85" status="PASS">
          <reporter-output>
          </reporter-output>
        </test-method> <!-- add -->
        <test-method is-config="true" signature="teardown()[pri:0, instance:gradeprime.users@11fc564b]" started-at="2025-05-22T19:44:39 IST" name="teardown" finished-at="2025-05-22T19:44:40 IST" duration-ms="1223" status="PASS">
          <reporter-output>
          </reporter-output>
        </test-method> <!-- teardown -->
      </class> <!-- gradeprime.users -->
    </test> <!-- Default test -->
  </suite> <!-- Default suite -->
</testng-results>
