<?xml version="1.0" encoding="UTF-8"?>
<testng-results ignored="0" total="1" passed="1" failed="0" skipped="0">
  <reporter-output>
  </reporter-output>
  <suite started-at="2025-04-27T11:08:16 IST" name="Default suite" finished-at="2025-04-27T11:08:28 IST" duration-ms="12549">
    <groups>
    </groups>
    <test started-at="2025-04-27T11:08:16 IST" name="Default test" finished-at="2025-04-27T11:08:28 IST" duration-ms="12549">
      <class name="gradeprime.login">
        <test-method is-config="true" signature="setup()[pri:0, instance:gradeprime.login@1e178745]" started-at="2025-04-27T11:08:16 IST" name="setup" finished-at="2025-04-27T11:08:20 IST" duration-ms="4248" status="PASS">
          <reporter-output>
          </reporter-output>
        </test-method> <!-- setup -->
        <test-method signature="validlogin()[pri:0, instance:gradeprime.login@1e178745]" started-at="2025-04-27T11:08:20 IST" name="validlogin" finished-at="2025-04-27T11:08:28 IST" duration-ms="7857" status="PASS">
          <reporter-output>
          </reporter-output>
        </test-method> <!-- validlogin -->
        <test-method is-config="true" signature="teardown()[pri:0, instance:gradeprime.login@1e178745]" started-at="2025-04-27T11:08:28 IST" name="teardown" finished-at="2025-04-27T11:08:28 IST" duration-ms="353" status="PASS">
          <reporter-output>
          </reporter-output>
        </test-method> <!-- teardown -->
      </class> <!-- gradeprime.login -->
    </test> <!-- Default test -->
  </suite> <!-- Default suite -->
</testng-results>
